This file contains any messages produced by compilers while
running configure, to aid debugging if configure makes a mistake.

It was created by configure, which was
generated by GNU Autoconf 2.67.  Invocation command line was

  $ ./configure 

## --------- ##
## Platform. ##
## --------- ##

hostname = windy-pc
uname -m = x86_64
uname -r = 4.15.0-34-generic
uname -s = Linux
uname -v = #37-Ubuntu SMP Mon Aug 27 15:21:48 UTC 2018

/usr/bin/uname -p = unknown
/bin/uname -X     = unknown

/bin/arch              = unknown
/usr/bin/arch -k       = unknown
/usr/convex/getsysinfo = unknown
/usr/bin/hostinfo      = unknown
/bin/machine           = unknown
/usr/bin/oslevel       = unknown
/bin/universe          = unknown

PATH: .
PATH: /home/windy/tools/java/jdk1.8.0_171/bin
PATH: .
PATH: /home/windy/tools/java/jdk1.8.0_171/bin
PATH: /usr/local/sbin
PATH: /usr/local/bin
PATH: /usr/sbin
PATH: /usr/bin
PATH: /sbin
PATH: /bin
PATH: /usr/games
PATH: /usr/local/games
PATH: /snap/bin
PATH: /home/windy/Android/android-ndk-r14b
PATH: /home/windy/Android/Sdk/platform-tools
PATH: /home/windy/tools
PATH: /home/windy/Android/android-ndk-r14b
PATH: /home/windy/Android/Sdk/platform-tools
PATH: /home/windy/tools


## ----------- ##
## Core tests. ##
## ----------- ##

configure:2393: checking whether make sets $(MAKE)
configure:2415: result: yes
configure:2472: checking for gcc
configure:2488: found /usr/bin/gcc
configure:2499: result: gcc
configure:2728: checking for C compiler version
configure:2737: gcc --version >&5
gcc (Ubuntu 7.3.0-16ubuntu3) 7.3.0
Copyright (C) 2017 Free Software Foundation, Inc.
This is free software; see the source for copying conditions.  There is NO
warranty; not even for MERCHANTABILITY or FITNESS FOR A PARTICULAR PURPOSE.

configure:2748: $? = 0
configure:2737: gcc -v >&5
Using built-in specs.
COLLECT_GCC=gcc
COLLECT_LTO_WRAPPER=/usr/lib/gcc/x86_64-linux-gnu/7/lto-wrapper
OFFLOAD_TARGET_NAMES=nvptx-none
OFFLOAD_TARGET_DEFAULT=1
Target: x86_64-linux-gnu
Configured with: ../src/configure -v --with-pkgversion='Ubuntu 7.3.0-16ubuntu3' --with-bugurl=file:///usr/share/doc/gcc-7/README.Bugs --enable-languages=c,ada,c++,go,brig,d,fortran,objc,obj-c++ --prefix=/usr --with-gcc-major-version-only --with-as=/usr/bin/x86_64-linux-gnu-as --with-ld=/usr/bin/x86_64-linux-gnu-ld --program-suffix=-7 --program-prefix=x86_64-linux-gnu- --enable-shared --enable-linker-build-id --libexecdir=/usr/lib --without-included-gettext --enable-threads=posix --libdir=/usr/lib --enable-nls --with-sysroot=/ --enable-clocale=gnu --enable-libstdcxx-debug --enable-libstdcxx-time=yes --with-default-libstdcxx-abi=new --enable-gnu-unique-object --disable-vtable-verify --enable-libmpx --enable-plugin --enable-default-pie --with-system-zlib --with-target-system-zlib --enable-objc-gc=auto --enable-multiarch --disable-werror --with-arch-32=i686 --with-abi=m64 --with-multilib-list=m32,m64,mx32 --enable-multilib --with-tune=generic --enable-offload-targets=nvptx-none --without-cuda-driver --enable-checking=release --build=x86_64-linux-gnu --host=x86_64-linux-gnu --target=x86_64-linux-gnu
Thread model: posix
gcc version 7.3.0 (Ubuntu 7.3.0-16ubuntu3) 
configure:2748: $? = 0
configure:2737: gcc -V >&5
gcc: error: unrecognized command line option '-V'
gcc: fatal error: no input files
compilation terminated.
configure:2748: $? = 1
configure:2737: gcc -qversion >&5
gcc: error: unrecognized command line option '-qversion'; did you mean '--version'?
gcc: fatal error: no input files
compilation terminated.
configure:2748: $? = 1
configure:2768: checking whether the C compiler works
configure:2790: gcc    conftest.c  >&5
configure:2794: $? = 0
configure:2842: result: yes
configure:2845: checking for C compiler default output file name
configure:2847: result: a.out
configure:2853: checking for suffix of executables
configure:2860: gcc -o conftest    conftest.c  >&5
configure:2864: $? = 0
configure:2886: result: 
configure:2908: checking whether we are cross compiling
configure:2916: gcc -o conftest    conftest.c  >&5
configure:2920: $? = 0
configure:2927: ./conftest
configure:2931: $? = 0
configure:2946: result: no
configure:2951: checking for suffix of object files
configure:2973: gcc -c   conftest.c >&5
configure:2977: $? = 0
configure:2998: result: o
configure:3002: checking whether we are using the GNU C compiler
configure:3021: gcc -c   conftest.c >&5
configure:3021: $? = 0
configure:3030: result: yes
configure:3039: checking whether gcc accepts -g
configure:3059: gcc -c -g  conftest.c >&5
configure:3059: $? = 0
configure:3100: result: yes
configure:3117: checking for gcc option to accept ISO C89
configure:3181: gcc  -c -g -O2  conftest.c >&5
configure:3181: $? = 0
configure:3194: result: none needed
configure:3219: checking how to run the C preprocessor
configure:3250: gcc -E  conftest.c
configure:3250: $? = 0
configure:3264: gcc -E  conftest.c
conftest.c:9:10: fatal error: ac_nonexistent.h: No such file or directory
 #include <ac_nonexistent.h>
          ^~~~~~~~~~~~~~~~~~
compilation terminated.
configure:3264: $? = 1
configure: failed program was:
| /* confdefs.h */
| #define PACKAGE_NAME ""
| #define PACKAGE_TARNAME ""
| #define PACKAGE_VERSION ""
| #define PACKAGE_STRING ""
| #define PACKAGE_BUGREPORT ""
| #define PACKAGE_URL ""
| /* end confdefs.h.  */
| #include <ac_nonexistent.h>
configure:3289: result: gcc -E
configure:3309: gcc -E  conftest.c
configure:3309: $? = 0
configure:3323: gcc -E  conftest.c
conftest.c:9:10: fatal error: ac_nonexistent.h: No such file or directory
 #include <ac_nonexistent.h>
          ^~~~~~~~~~~~~~~~~~
compilation terminated.
configure:3323: $? = 1
configure: failed program was:
| /* confdefs.h */
| #define PACKAGE_NAME ""
| #define PACKAGE_TARNAME ""
| #define PACKAGE_VERSION ""
| #define PACKAGE_STRING ""
| #define PACKAGE_BUGREPORT ""
| #define PACKAGE_URL ""
| /* end confdefs.h.  */
| #include <ac_nonexistent.h>
configure:3394: checking for a BSD-compatible install
configure:3462: result: /usr/bin/install -c
configure:3516: checking for ranlib
configure:3532: found /usr/bin/ranlib
configure:3543: result: ranlib
configure:3565: checking whether ln -s works
configure:3569: result: yes
configure:3580: checking for grep that handles long lines and -e
configure:3638: result: /bin/grep
configure:3643: checking for egrep
configure:3705: result: /bin/grep -E
configure:3710: checking for ANSI C header files
configure:3730: gcc -c -g -O2  conftest.c >&5
configure:3730: $? = 0
configure:3803: gcc -o conftest -g -O2   conftest.c  >&5
configure:3803: $? = 0
configure:3803: ./conftest
configure:3803: $? = 0
configure:3814: result: yes
configure:3827: checking for sys/types.h
configure:3827: gcc -c -g -O2  conftest.c >&5
configure:3827: $? = 0
configure:3827: result: yes
configure:3827: checking for sys/stat.h
configure:3827: gcc -c -g -O2  conftest.c >&5
configure:3827: $? = 0
configure:3827: result: yes
configure:3827: checking for stdlib.h
configure:3827: gcc -c -g -O2  conftest.c >&5
configure:3827: $? = 0
configure:3827: result: yes
configure:3827: checking for string.h
configure:3827: gcc -c -g -O2  conftest.c >&5
configure:3827: $? = 0
configure:3827: result: yes
configure:3827: checking for memory.h
configure:3827: gcc -c -g -O2  conftest.c >&5
configure:3827: $? = 0
configure:3827: result: yes
configure:3827: checking for strings.h
configure:3827: gcc -c -g -O2  conftest.c >&5
configure:3827: $? = 0
configure:3827: result: yes
configure:3827: checking for inttypes.h
configure:3827: gcc -c -g -O2  conftest.c >&5
configure:3827: $? = 0
configure:3827: result: yes
configure:3827: checking for stdint.h
configure:3827: gcc -c -g -O2  conftest.c >&5
configure:3827: $? = 0
configure:3827: result: yes
configure:3827: checking for unistd.h
configure:3827: gcc -c -g -O2  conftest.c >&5
configure:3827: $? = 0
configure:3827: result: yes
configure:3842: checking for unistd.h
configure:3842: result: yes
configure:3842: checking for stdint.h
configure:3842: result: yes
configure:3842: checking fcntl.h usability
configure:3842: gcc -c -g -O2  conftest.c >&5
configure:3842: $? = 0
configure:3842: result: yes
configure:3842: checking fcntl.h presence
configure:3842: gcc -E  conftest.c
configure:3842: $? = 0
configure:3842: result: yes
configure:3842: checking for fcntl.h
configure:3842: result: yes
configure:3855: checking elf.h usability
configure:3855: gcc -c -g -O2  conftest.c >&5
configure:3855: $? = 0
configure:3855: result: yes
configure:3855: checking elf.h presence
configure:3855: gcc -E  conftest.c
configure:3855: $? = 0
configure:3855: result: yes
configure:3855: checking for elf.h
configure:3855: result: yes
configure:3855: checking sys/elf.h usability
configure:3855: gcc -c -g -O2  conftest.c >&5
In file included from conftest.c:56:0:
/usr/include/x86_64-linux-gnu/sys/elf.h:22:3: error: #error This header is unsupported on x86-64.
 # error This header is unsupported on x86-64.
   ^~~~~
configure:3855: $? = 1
configure: failed program was:
| /* confdefs.h */
| #define PACKAGE_NAME ""
| #define PACKAGE_TARNAME ""
| #define PACKAGE_VERSION ""
| #define PACKAGE_STRING ""
| #define PACKAGE_BUGREPORT ""
| #define PACKAGE_URL ""
| #define STDC_HEADERS 1
| #define HAVE_SYS_TYPES_H 1
| #define HAVE_SYS_STAT_H 1
| #define HAVE_STDLIB_H 1
| #define HAVE_STRING_H 1
| #define HAVE_MEMORY_H 1
| #define HAVE_STRINGS_H 1
| #define HAVE_INTTYPES_H 1
| #define HAVE_STDINT_H 1
| #define HAVE_UNISTD_H 1
| #define HAVE_UNISTD_H 1
| #define HAVE_STDINT_H 1
| #define HAVE_FCNTL_H 1
| #define HAVE_ELF_H 1
| /* end confdefs.h.  */
| #include <stdio.h>
| #ifdef HAVE_SYS_TYPES_H
| # include <sys/types.h>
| #endif
| #ifdef HAVE_SYS_STAT_H
| # include <sys/stat.h>
| #endif
| #ifdef STDC_HEADERS
| # include <stdlib.h>
| # include <stddef.h>
| #else
| # ifdef HAVE_STDLIB_H
| #  include <stdlib.h>
| # endif
| #endif
| #ifdef HAVE_STRING_H
| # if !defined STDC_HEADERS && defined HAVE_MEMORY_H
| #  include <memory.h>
| # endif
| # include <string.h>
| #endif
| #ifdef HAVE_STRINGS_H
| # include <strings.h>
| #endif
| #ifdef HAVE_INTTYPES_H
| # include <inttypes.h>
| #endif
| #ifdef HAVE_STDINT_H
| # include <stdint.h>
| #endif
| #ifdef HAVE_UNISTD_H
| # include <unistd.h>
| #endif
| #include <sys/elf.h>
configure:3855: result: no
configure:3855: checking sys/elf.h presence
configure:3855: gcc -E  conftest.c
In file included from conftest.c:23:0:
/usr/include/x86_64-linux-gnu/sys/elf.h:22:3: error: #error This header is unsupported on x86-64.
 # error This header is unsupported on x86-64.
   ^~~~~
configure:3855: $? = 1
configure: failed program was:
| /* confdefs.h */
| #define PACKAGE_NAME ""
| #define PACKAGE_TARNAME ""
| #define PACKAGE_VERSION ""
| #define PACKAGE_STRING ""
| #define PACKAGE_BUGREPORT ""
| #define PACKAGE_URL ""
| #define STDC_HEADERS 1
| #define HAVE_SYS_TYPES_H 1
| #define HAVE_SYS_STAT_H 1
| #define HAVE_STDLIB_H 1
| #define HAVE_STRING_H 1
| #define HAVE_MEMORY_H 1
| #define HAVE_STRINGS_H 1
| #define HAVE_INTTYPES_H 1
| #define HAVE_STDINT_H 1
| #define HAVE_UNISTD_H 1
| #define HAVE_UNISTD_H 1
| #define HAVE_STDINT_H 1
| #define HAVE_FCNTL_H 1
| #define HAVE_ELF_H 1
| /* end confdefs.h.  */
| #include <sys/elf.h>
configure:3855: result: no
configure:3855: checking for sys/elf.h
configure:3855: result: no
configure:3855: checking link.h usability
configure:3855: gcc -c -g -O2  conftest.c >&5
configure:3855: $? = 0
configure:3855: result: yes
configure:3855: checking link.h presence
configure:3855: gcc -E  conftest.c
configure:3855: $? = 0
configure:3855: result: yes
configure:3855: checking for link.h
configure:3855: result: yes
configure:3855: checking sys/link.h usability
configure:3855: gcc -c -g -O2  conftest.c >&5
conftest.c:57:10: fatal error: sys/link.h: No such file or directory
 #include <sys/link.h>
          ^~~~~~~~~~~~
compilation terminated.
configure:3855: $? = 1
configure: failed program was:
| /* confdefs.h */
| #define PACKAGE_NAME ""
| #define PACKAGE_TARNAME ""
| #define PACKAGE_VERSION ""
| #define PACKAGE_STRING ""
| #define PACKAGE_BUGREPORT ""
| #define PACKAGE_URL ""
| #define STDC_HEADERS 1
| #define HAVE_SYS_TYPES_H 1
| #define HAVE_SYS_STAT_H 1
| #define HAVE_STDLIB_H 1
| #define HAVE_STRING_H 1
| #define HAVE_MEMORY_H 1
| #define HAVE_STRINGS_H 1
| #define HAVE_INTTYPES_H 1
| #define HAVE_STDINT_H 1
| #define HAVE_UNISTD_H 1
| #define HAVE_UNISTD_H 1
| #define HAVE_STDINT_H 1
| #define HAVE_FCNTL_H 1
| #define HAVE_ELF_H 1
| #define HAVE_LINK_H 1
| /* end confdefs.h.  */
| #include <stdio.h>
| #ifdef HAVE_SYS_TYPES_H
| # include <sys/types.h>
| #endif
| #ifdef HAVE_SYS_STAT_H
| # include <sys/stat.h>
| #endif
| #ifdef STDC_HEADERS
| # include <stdlib.h>
| # include <stddef.h>
| #else
| # ifdef HAVE_STDLIB_H
| #  include <stdlib.h>
| # endif
| #endif
| #ifdef HAVE_STRING_H
| # if !defined STDC_HEADERS && defined HAVE_MEMORY_H
| #  include <memory.h>
| # endif
| # include <string.h>
| #endif
| #ifdef HAVE_STRINGS_H
| # include <strings.h>
| #endif
| #ifdef HAVE_INTTYPES_H
| # include <inttypes.h>
| #endif
| #ifdef HAVE_STDINT_H
| # include <stdint.h>
| #endif
| #ifdef HAVE_UNISTD_H
| # include <unistd.h>
| #endif
| #include <sys/link.h>
configure:3855: result: no
configure:3855: checking sys/link.h presence
configure:3855: gcc -E  conftest.c
conftest.c:24:10: fatal error: sys/link.h: No such file or directory
 #include <sys/link.h>
          ^~~~~~~~~~~~
compilation terminated.
configure:3855: $? = 1
configure: failed program was:
| /* confdefs.h */
| #define PACKAGE_NAME ""
| #define PACKAGE_TARNAME ""
| #define PACKAGE_VERSION ""
| #define PACKAGE_STRING ""
| #define PACKAGE_BUGREPORT ""
| #define PACKAGE_URL ""
| #define STDC_HEADERS 1
| #define HAVE_SYS_TYPES_H 1
| #define HAVE_SYS_STAT_H 1
| #define HAVE_STDLIB_H 1
| #define HAVE_STRING_H 1
| #define HAVE_MEMORY_H 1
| #define HAVE_STRINGS_H 1
| #define HAVE_INTTYPES_H 1
| #define HAVE_STDINT_H 1
| #define HAVE_UNISTD_H 1
| #define HAVE_UNISTD_H 1
| #define HAVE_STDINT_H 1
| #define HAVE_FCNTL_H 1
| #define HAVE_ELF_H 1
| #define HAVE_LINK_H 1
| /* end confdefs.h.  */
| #include <sys/link.h>
configure:3855: result: no
configure:3855: checking for sys/link.h
configure:3855: result: no
configure:3865: checking if gcc can compile elf.h
configure:3886: gcc -c -g -O2  conftest.c >&5
configure:3886: $? = 0
configure:3894: result: yes
configure:3911: checking ar.h usability
configure:3911: gcc -c -g -O2  conftest.c >&5
configure:3911: $? = 0
configure:3911: result: yes
configure:3911: checking ar.h presence
configure:3911: gcc -E  conftest.c
configure:3911: $? = 0
configure:3911: result: yes
configure:3911: checking for ar.h
configure:3911: result: yes
configure:3911: checking libelf.h usability
configure:3911: gcc -c -g -O2  conftest.c >&5
conftest.c:59:10: fatal error: libelf.h: No such file or directory
 #include <libelf.h>
          ^~~~~~~~~~
compilation terminated.
configure:3911: $? = 1
configure: failed program was:
| /* confdefs.h */
| #define PACKAGE_NAME ""
| #define PACKAGE_TARNAME ""
| #define PACKAGE_VERSION ""
| #define PACKAGE_STRING ""
| #define PACKAGE_BUGREPORT ""
| #define PACKAGE_URL ""
| #define STDC_HEADERS 1
| #define HAVE_SYS_TYPES_H 1
| #define HAVE_SYS_STAT_H 1
| #define HAVE_STDLIB_H 1
| #define HAVE_STRING_H 1
| #define HAVE_MEMORY_H 1
| #define HAVE_STRINGS_H 1
| #define HAVE_INTTYPES_H 1
| #define HAVE_STDINT_H 1
| #define HAVE_UNISTD_H 1
| #define HAVE_UNISTD_H 1
| #define HAVE_STDINT_H 1
| #define HAVE_FCNTL_H 1
| #define HAVE_ELF_H 1
| #define HAVE_LINK_H 1
| #define __LIBELF_HEADER_ELF_H <elf.h>
| #define HAVE_AR_H 1
| /* end confdefs.h.  */
| #include <stdio.h>
| #ifdef HAVE_SYS_TYPES_H
| # include <sys/types.h>
| #endif
| #ifdef HAVE_SYS_STAT_H
| # include <sys/stat.h>
| #endif
| #ifdef STDC_HEADERS
| # include <stdlib.h>
| # include <stddef.h>
| #else
| # ifdef HAVE_STDLIB_H
| #  include <stdlib.h>
| # endif
| #endif
| #ifdef HAVE_STRING_H
| # if !defined STDC_HEADERS && defined HAVE_MEMORY_H
| #  include <memory.h>
| # endif
| # include <string.h>
| #endif
| #ifdef HAVE_STRINGS_H
| # include <strings.h>
| #endif
| #ifdef HAVE_INTTYPES_H
| # include <inttypes.h>
| #endif
| #ifdef HAVE_STDINT_H
| # include <stdint.h>
| #endif
| #ifdef HAVE_UNISTD_H
| # include <unistd.h>
| #endif
| #include <libelf.h>
configure:3911: result: no
configure:3911: checking libelf.h presence
configure:3911: gcc -E  conftest.c
conftest.c:26:10: fatal error: libelf.h: No such file or directory
 #include <libelf.h>
          ^~~~~~~~~~
compilation terminated.
configure:3911: $? = 1
configure: failed program was:
| /* confdefs.h */
| #define PACKAGE_NAME ""
| #define PACKAGE_TARNAME ""
| #define PACKAGE_VERSION ""
| #define PACKAGE_STRING ""
| #define PACKAGE_BUGREPORT ""
| #define PACKAGE_URL ""
| #define STDC_HEADERS 1
| #define HAVE_SYS_TYPES_H 1
| #define HAVE_SYS_STAT_H 1
| #define HAVE_STDLIB_H 1
| #define HAVE_STRING_H 1
| #define HAVE_MEMORY_H 1
| #define HAVE_STRINGS_H 1
| #define HAVE_INTTYPES_H 1
| #define HAVE_STDINT_H 1
| #define HAVE_UNISTD_H 1
| #define HAVE_UNISTD_H 1
| #define HAVE_STDINT_H 1
| #define HAVE_FCNTL_H 1
| #define HAVE_ELF_H 1
| #define HAVE_LINK_H 1
| #define __LIBELF_HEADER_ELF_H <elf.h>
| #define HAVE_AR_H 1
| /* end confdefs.h.  */
| #include <libelf.h>
configure:3911: result: no
configure:3911: checking for libelf.h
configure:3911: result: no
configure:3911: checking nlist.h usability
configure:3911: gcc -c -g -O2  conftest.c >&5
conftest.c:59:10: fatal error: nlist.h: No such file or directory
 #include <nlist.h>
          ^~~~~~~~~
compilation terminated.
configure:3911: $? = 1
configure: failed program was:
| /* confdefs.h */
| #define PACKAGE_NAME ""
| #define PACKAGE_TARNAME ""
| #define PACKAGE_VERSION ""
| #define PACKAGE_STRING ""
| #define PACKAGE_BUGREPORT ""
| #define PACKAGE_URL ""
| #define STDC_HEADERS 1
| #define HAVE_SYS_TYPES_H 1
| #define HAVE_SYS_STAT_H 1
| #define HAVE_STDLIB_H 1
| #define HAVE_STRING_H 1
| #define HAVE_MEMORY_H 1
| #define HAVE_STRINGS_H 1
| #define HAVE_INTTYPES_H 1
| #define HAVE_STDINT_H 1
| #define HAVE_UNISTD_H 1
| #define HAVE_UNISTD_H 1
| #define HAVE_STDINT_H 1
| #define HAVE_FCNTL_H 1
| #define HAVE_ELF_H 1
| #define HAVE_LINK_H 1
| #define __LIBELF_HEADER_ELF_H <elf.h>
| #define HAVE_AR_H 1
| /* end confdefs.h.  */
| #include <stdio.h>
| #ifdef HAVE_SYS_TYPES_H
| # include <sys/types.h>
| #endif
| #ifdef HAVE_SYS_STAT_H
| # include <sys/stat.h>
| #endif
| #ifdef STDC_HEADERS
| # include <stdlib.h>
| # include <stddef.h>
| #else
| # ifdef HAVE_STDLIB_H
| #  include <stdlib.h>
| # endif
| #endif
| #ifdef HAVE_STRING_H
| # if !defined STDC_HEADERS && defined HAVE_MEMORY_H
| #  include <memory.h>
| # endif
| # include <string.h>
| #endif
| #ifdef HAVE_STRINGS_H
| # include <strings.h>
| #endif
| #ifdef HAVE_INTTYPES_H
| # include <inttypes.h>
| #endif
| #ifdef HAVE_STDINT_H
| # include <stdint.h>
| #endif
| #ifdef HAVE_UNISTD_H
| # include <unistd.h>
| #endif
| #include <nlist.h>
configure:3911: result: no
configure:3911: checking nlist.h presence
configure:3911: gcc -E  conftest.c
conftest.c:26:10: fatal error: nlist.h: No such file or directory
 #include <nlist.h>
          ^~~~~~~~~
compilation terminated.
configure:3911: $? = 1
configure: failed program was:
| /* confdefs.h */
| #define PACKAGE_NAME ""
| #define PACKAGE_TARNAME ""
| #define PACKAGE_VERSION ""
| #define PACKAGE_STRING ""
| #define PACKAGE_BUGREPORT ""
| #define PACKAGE_URL ""
| #define STDC_HEADERS 1
| #define HAVE_SYS_TYPES_H 1
| #define HAVE_SYS_STAT_H 1
| #define HAVE_STDLIB_H 1
| #define HAVE_STRING_H 1
| #define HAVE_MEMORY_H 1
| #define HAVE_STRINGS_H 1
| #define HAVE_INTTYPES_H 1
| #define HAVE_STDINT_H 1
| #define HAVE_UNISTD_H 1
| #define HAVE_UNISTD_H 1
| #define HAVE_STDINT_H 1
| #define HAVE_FCNTL_H 1
| #define HAVE_ELF_H 1
| #define HAVE_LINK_H 1
| #define __LIBELF_HEADER_ELF_H <elf.h>
| #define HAVE_AR_H 1
| /* end confdefs.h.  */
| #include <nlist.h>
configure:3911: result: no
configure:3911: checking for nlist.h
configure:3911: result: no
configure:3911: checking gelf.h usability
configure:3911: gcc -c -g -O2  conftest.c >&5
conftest.c:59:10: fatal error: gelf.h: No such file or directory
 #include <gelf.h>
          ^~~~~~~~
compilation terminated.
configure:3911: $? = 1
configure: failed program was:
| /* confdefs.h */
| #define PACKAGE_NAME ""
| #define PACKAGE_TARNAME ""
| #define PACKAGE_VERSION ""
| #define PACKAGE_STRING ""
| #define PACKAGE_BUGREPORT ""
| #define PACKAGE_URL ""
| #define STDC_HEADERS 1
| #define HAVE_SYS_TYPES_H 1
| #define HAVE_SYS_STAT_H 1
| #define HAVE_STDLIB_H 1
| #define HAVE_STRING_H 1
| #define HAVE_MEMORY_H 1
| #define HAVE_STRINGS_H 1
| #define HAVE_INTTYPES_H 1
| #define HAVE_STDINT_H 1
| #define HAVE_UNISTD_H 1
| #define HAVE_UNISTD_H 1
| #define HAVE_STDINT_H 1
| #define HAVE_FCNTL_H 1
| #define HAVE_ELF_H 1
| #define HAVE_LINK_H 1
| #define __LIBELF_HEADER_ELF_H <elf.h>
| #define HAVE_AR_H 1
| /* end confdefs.h.  */
| #include <stdio.h>
| #ifdef HAVE_SYS_TYPES_H
| # include <sys/types.h>
| #endif
| #ifdef HAVE_SYS_STAT_H
| # include <sys/stat.h>
| #endif
| #ifdef STDC_HEADERS
| # include <stdlib.h>
| # include <stddef.h>
| #else
| # ifdef HAVE_STDLIB_H
| #  include <stdlib.h>
| # endif
| #endif
| #ifdef HAVE_STRING_H
| # if !defined STDC_HEADERS && defined HAVE_MEMORY_H
| #  include <memory.h>
| # endif
| # include <string.h>
| #endif
| #ifdef HAVE_STRINGS_H
| # include <strings.h>
| #endif
| #ifdef HAVE_INTTYPES_H
| # include <inttypes.h>
| #endif
| #ifdef HAVE_STDINT_H
| # include <stdint.h>
| #endif
| #ifdef HAVE_UNISTD_H
| # include <unistd.h>
| #endif
| #include <gelf.h>
configure:3911: result: no
configure:3911: checking gelf.h presence
configure:3911: gcc -E  conftest.c
conftest.c:26:10: fatal error: gelf.h: No such file or directory
 #include <gelf.h>
          ^~~~~~~~
compilation terminated.
configure:3911: $? = 1
configure: failed program was:
| /* confdefs.h */
| #define PACKAGE_NAME ""
| #define PACKAGE_TARNAME ""
| #define PACKAGE_VERSION ""
| #define PACKAGE_STRING ""
| #define PACKAGE_BUGREPORT ""
| #define PACKAGE_URL ""
| #define STDC_HEADERS 1
| #define HAVE_SYS_TYPES_H 1
| #define HAVE_SYS_STAT_H 1
| #define HAVE_STDLIB_H 1
| #define HAVE_STRING_H 1
| #define HAVE_MEMORY_H 1
| #define HAVE_STRINGS_H 1
| #define HAVE_INTTYPES_H 1
| #define HAVE_STDINT_H 1
| #define HAVE_UNISTD_H 1
| #define HAVE_UNISTD_H 1
| #define HAVE_STDINT_H 1
| #define HAVE_FCNTL_H 1
| #define HAVE_ELF_H 1
| #define HAVE_LINK_H 1
| #define __LIBELF_HEADER_ELF_H <elf.h>
| #define HAVE_AR_H 1
| /* end confdefs.h.  */
| #include <gelf.h>
configure:3911: result: no
configure:3911: checking for gelf.h
configure:3911: result: no
configure:3921: checking whether to install <libelf.h>, <nlist.h> and <gelf.h>
configure:3933: result: yes
configure:3937: checking for an ANSI C-conforming const
configure:4002: gcc -c -g -O2  conftest.c >&5
configure:4002: $? = 0
configure:4009: result: yes
configure:4017: checking for off_t
configure:4017: gcc -c -g -O2  conftest.c >&5
configure:4017: $? = 0
configure:4017: gcc -c -g -O2  conftest.c >&5
conftest.c: In function 'main':
conftest.c:62:20: error: expected expression before ')' token
 if (sizeof ((off_t)))
                    ^
configure:4017: $? = 1
configure: failed program was:
| /* confdefs.h */
| #define PACKAGE_NAME ""
| #define PACKAGE_TARNAME ""
| #define PACKAGE_VERSION ""
| #define PACKAGE_STRING ""
| #define PACKAGE_BUGREPORT ""
| #define PACKAGE_URL ""
| #define STDC_HEADERS 1
| #define HAVE_SYS_TYPES_H 1
| #define HAVE_SYS_STAT_H 1
| #define HAVE_STDLIB_H 1
| #define HAVE_STRING_H 1
| #define HAVE_MEMORY_H 1
| #define HAVE_STRINGS_H 1
| #define HAVE_INTTYPES_H 1
| #define HAVE_STDINT_H 1
| #define HAVE_UNISTD_H 1
| #define HAVE_UNISTD_H 1
| #define HAVE_STDINT_H 1
| #define HAVE_FCNTL_H 1
| #define HAVE_ELF_H 1
| #define HAVE_LINK_H 1
| #define __LIBELF_HEADER_ELF_H <elf.h>
| #define HAVE_AR_H 1
| /* end confdefs.h.  */
| #include <stdio.h>
| #ifdef HAVE_SYS_TYPES_H
| # include <sys/types.h>
| #endif
| #ifdef HAVE_SYS_STAT_H
| # include <sys/stat.h>
| #endif
| #ifdef STDC_HEADERS
| # include <stdlib.h>
| # include <stddef.h>
| #else
| # ifdef HAVE_STDLIB_H
| #  include <stdlib.h>
| # endif
| #endif
| #ifdef HAVE_STRING_H
| # if !defined STDC_HEADERS && defined HAVE_MEMORY_H
| #  include <memory.h>
| # endif
| # include <string.h>
| #endif
| #ifdef HAVE_STRINGS_H
| # include <strings.h>
| #endif
| #ifdef HAVE_INTTYPES_H
| # include <inttypes.h>
| #endif
| #ifdef HAVE_STDINT_H
| # include <stdint.h>
| #endif
| #ifdef HAVE_UNISTD_H
| # include <unistd.h>
| #endif
| int
| main ()
| {
| if (sizeof ((off_t)))
| 	    return 0;
|   ;
|   return 0;
| }
configure:4017: result: yes
configure:4028: checking for size_t
configure:4028: gcc -c -g -O2  conftest.c >&5
configure:4028: $? = 0
configure:4028: gcc -c -g -O2  conftest.c >&5
conftest.c: In function 'main':
conftest.c:62:21: error: expected expression before ')' token
 if (sizeof ((size_t)))
                     ^
configure:4028: $? = 1
configure: failed program was:
| /* confdefs.h */
| #define PACKAGE_NAME ""
| #define PACKAGE_TARNAME ""
| #define PACKAGE_VERSION ""
| #define PACKAGE_STRING ""
| #define PACKAGE_BUGREPORT ""
| #define PACKAGE_URL ""
| #define STDC_HEADERS 1
| #define HAVE_SYS_TYPES_H 1
| #define HAVE_SYS_STAT_H 1
| #define HAVE_STDLIB_H 1
| #define HAVE_STRING_H 1
| #define HAVE_MEMORY_H 1
| #define HAVE_STRINGS_H 1
| #define HAVE_INTTYPES_H 1
| #define HAVE_STDINT_H 1
| #define HAVE_UNISTD_H 1
| #define HAVE_UNISTD_H 1
| #define HAVE_STDINT_H 1
| #define HAVE_FCNTL_H 1
| #define HAVE_ELF_H 1
| #define HAVE_LINK_H 1
| #define __LIBELF_HEADER_ELF_H <elf.h>
| #define HAVE_AR_H 1
| /* end confdefs.h.  */
| #include <stdio.h>
| #ifdef HAVE_SYS_TYPES_H
| # include <sys/types.h>
| #endif
| #ifdef HAVE_SYS_STAT_H
| # include <sys/stat.h>
| #endif
| #ifdef STDC_HEADERS
| # include <stdlib.h>
| # include <stddef.h>
| #else
| # ifdef HAVE_STDLIB_H
| #  include <stdlib.h>
| # endif
| #endif
| #ifdef HAVE_STRING_H
| # if !defined STDC_HEADERS && defined HAVE_MEMORY_H
| #  include <memory.h>
| # endif
| # include <string.h>
| #endif
| #ifdef HAVE_STRINGS_H
| # include <strings.h>
| #endif
| #ifdef HAVE_INTTYPES_H
| # include <inttypes.h>
| #endif
| #ifdef HAVE_STDINT_H
| # include <stdint.h>
| #endif
| #ifdef HAVE_UNISTD_H
| # include <unistd.h>
| #endif
| int
| main ()
| {
| if (sizeof ((size_t)))
| 	    return 0;
|   ;
|   return 0;
| }
configure:4028: result: yes
configure:4044: checking size of short
configure:4049: gcc -o conftest -g -O2   conftest.c  >&5
configure:4049: $? = 0
configure:4049: ./conftest
configure:4049: $? = 0
configure:4063: result: 2
configure:4077: checking size of int
configure:4082: gcc -o conftest -g -O2   conftest.c  >&5
configure:4082: $? = 0
configure:4082: ./conftest
configure:4082: $? = 0
configure:4096: result: 4
configure:4110: checking size of long
configure:4115: gcc -o conftest -g -O2   conftest.c  >&5
configure:4115: $? = 0
configure:4115: ./conftest
configure:4115: $? = 0
configure:4129: result: 8
configure:4143: checking size of long long
configure:4148: gcc -o conftest -g -O2   conftest.c  >&5
configure:4148: $? = 0
configure:4148: ./conftest
configure:4148: $? = 0
configure:4162: result: 8
configure:4177: checking size of __int64
configure:4182: gcc -o conftest -g -O2   conftest.c  >&5
conftest.c: In function 'longval':
conftest.c:63:57: error: '__int64' undeclared (first use in this function); did you mean '__int64_t'?
 static long int longval () { return (long int) (sizeof (__int64)); }
                                                         ^~~~~~~
                                                         __int64_t
conftest.c:63:57: note: each undeclared identifier is reported only once for each function it appears in
conftest.c: In function 'ulongval':
conftest.c:64:67: error: '__int64' undeclared (first use in this function); did you mean '__int64_t'?
 static unsigned long int ulongval () { return (long int) (sizeof (__int64)); }
                                                                   ^~~~~~~
                                                                   __int64_t
conftest.c: In function 'main':
conftest.c:74:28: error: '__int64' undeclared (first use in this function); did you mean '__int64_t'?
   if (((long int) (sizeof (__int64))) < 0)
                            ^~~~~~~
                            __int64_t
configure:4182: $? = 1
configure: program exited with status 1
configure: failed program was:
| /* confdefs.h */
| #define PACKAGE_NAME ""
| #define PACKAGE_TARNAME ""
| #define PACKAGE_VERSION ""
| #define PACKAGE_STRING ""
| #define PACKAGE_BUGREPORT ""
| #define PACKAGE_URL ""
| #define STDC_HEADERS 1
| #define HAVE_SYS_TYPES_H 1
| #define HAVE_SYS_STAT_H 1
| #define HAVE_STDLIB_H 1
| #define HAVE_STRING_H 1
| #define HAVE_MEMORY_H 1
| #define HAVE_STRINGS_H 1
| #define HAVE_INTTYPES_H 1
| #define HAVE_STDINT_H 1
| #define HAVE_UNISTD_H 1
| #define HAVE_UNISTD_H 1
| #define HAVE_STDINT_H 1
| #define HAVE_FCNTL_H 1
| #define HAVE_ELF_H 1
| #define HAVE_LINK_H 1
| #define __LIBELF_HEADER_ELF_H <elf.h>
| #define HAVE_AR_H 1
| #define SIZEOF_SHORT 2
| #define SIZEOF_INT 4
| #define SIZEOF_LONG 8
| #define SIZEOF_LONG_LONG 8
| /* end confdefs.h.  */
| #include <stdio.h>
| #ifdef HAVE_SYS_TYPES_H
| # include <sys/types.h>
| #endif
| #ifdef HAVE_SYS_STAT_H
| # include <sys/stat.h>
| #endif
| #ifdef STDC_HEADERS
| # include <stdlib.h>
| # include <stddef.h>
| #else
| # ifdef HAVE_STDLIB_H
| #  include <stdlib.h>
| # endif
| #endif
| #ifdef HAVE_STRING_H
| # if !defined STDC_HEADERS && defined HAVE_MEMORY_H
| #  include <memory.h>
| # endif
| # include <string.h>
| #endif
| #ifdef HAVE_STRINGS_H
| # include <strings.h>
| #endif
| #ifdef HAVE_INTTYPES_H
| # include <inttypes.h>
| #endif
| #ifdef HAVE_STDINT_H
| # include <stdint.h>
| #endif
| #ifdef HAVE_UNISTD_H
| # include <unistd.h>
| #endif
| static long int longval () { return (long int) (sizeof (__int64)); }
| static unsigned long int ulongval () { return (long int) (sizeof (__int64)); }
| #include <stdio.h>
| #include <stdlib.h>
| int
| main ()
| {
| 
|   FILE *f = fopen ("conftest.val", "w");
|   if (! f)
|     return 1;
|   if (((long int) (sizeof (__int64))) < 0)
|     {
|       long int i = longval ();
|       if (i != ((long int) (sizeof (__int64))))
| 	return 1;
|       fprintf (f, "%ld", i);
|     }
|   else
|     {
|       unsigned long int i = ulongval ();
|       if (i != ((long int) (sizeof (__int64))))
| 	return 1;
|       fprintf (f, "%lu", i);
|     }
|   /* Do not output a trailing newline, as this causes \r\n confusion
|      on some platforms.  */
|   return ferror (f) || fclose (f) != 0;
| 
|   ;
|   return 0;
| }
configure:4196: result: 0
configure:4212: checking for struct Elf32_Dyn
configure:4229: gcc -c -g -O2  conftest.c >&5
configure:4229: $? = 0
configure:4268: result: yes
configure:4281: checking for struct nlist in elf.h
configure:4298: gcc -c -g -O2  conftest.c >&5
conftest.c: In function 'main':
conftest.c:35:14: error: storage size of 'nl' isn't known
 struct nlist nl
              ^~
configure:4298: $? = 1
configure: failed program was:
| /* confdefs.h */
| #define PACKAGE_NAME ""
| #define PACKAGE_TARNAME ""
| #define PACKAGE_VERSION ""
| #define PACKAGE_STRING ""
| #define PACKAGE_BUGREPORT ""
| #define PACKAGE_URL ""
| #define STDC_HEADERS 1
| #define HAVE_SYS_TYPES_H 1
| #define HAVE_SYS_STAT_H 1
| #define HAVE_STDLIB_H 1
| #define HAVE_STRING_H 1
| #define HAVE_MEMORY_H 1
| #define HAVE_STRINGS_H 1
| #define HAVE_INTTYPES_H 1
| #define HAVE_STDINT_H 1
| #define HAVE_UNISTD_H 1
| #define HAVE_UNISTD_H 1
| #define HAVE_STDINT_H 1
| #define HAVE_FCNTL_H 1
| #define HAVE_ELF_H 1
| #define HAVE_LINK_H 1
| #define __LIBELF_HEADER_ELF_H <elf.h>
| #define HAVE_AR_H 1
| #define SIZEOF_SHORT 2
| #define SIZEOF_INT 4
| #define SIZEOF_LONG 8
| #define SIZEOF_LONG_LONG 8
| #define SIZEOF___INT64 0
| /* end confdefs.h.  */
| #include __LIBELF_HEADER_ELF_H
| int
| main ()
| {
| struct nlist nl
|   ;
|   return 0;
| }
configure:4305: result: no
configure:4313: checking for struct Elf64_Ehdr
configure:4329: gcc -c -g -O2  conftest.c >&5
configure:4329: $? = 0
configure:4336: result: yes
configure:4340: checking for Elf64_Addr
configure:4356: gcc -c -g -O2  conftest.c >&5
configure:4356: $? = 0
configure:4363: result: yes
configure:4367: checking for struct Elf64_Rel
configure:4383: gcc -c -g -O2  conftest.c >&5
configure:4383: $? = 0
configure:4406: result: yes
configure:4427: checking for Elf32_Verdef
configure:4451: gcc -c -g -O2  conftest.c >&5
configure:4451: $? = 0
configure:4458: result: yes
configure:4461: checking for Elf64_Verdef
configure:4485: gcc -c -g -O2  conftest.c >&5
configure:4485: $? = 0
configure:4492: result: yes
configure:4495: checking for SHT_SUNW_verdef
configure:4511: gcc -c -g -O2  conftest.c >&5
conftest.c: In function 'main':
conftest.c:35:16: error: 'SHT_SUNW_verdef' undeclared (first use in this function); did you mean 'SHT_GNU_verdef'?
 Elf32_Word x = SHT_SUNW_verdef + SHT_SUNW_verneed + SHT_SUNW_versym
                ^~~~~~~~~~~~~~~
                SHT_GNU_verdef
conftest.c:35:16: note: each undeclared identifier is reported only once for each function it appears in
conftest.c:35:34: error: 'SHT_SUNW_verneed' undeclared (first use in this function); did you mean 'SHT_SUNW_verdef'?
 Elf32_Word x = SHT_SUNW_verdef + SHT_SUNW_verneed + SHT_SUNW_versym
                                  ^~~~~~~~~~~~~~~~
                                  SHT_SUNW_verdef
conftest.c:35:53: error: 'SHT_SUNW_versym' undeclared (first use in this function); did you mean 'SHT_SUNW_verdef'?
 Elf32_Word x = SHT_SUNW_verdef + SHT_SUNW_verneed + SHT_SUNW_versym
                                                     ^~~~~~~~~~~~~~~
                                                     SHT_SUNW_verdef
configure:4511: $? = 1
configure: failed program was:
| /* confdefs.h */
| #define PACKAGE_NAME ""
| #define PACKAGE_TARNAME ""
| #define PACKAGE_VERSION ""
| #define PACKAGE_STRING ""
| #define PACKAGE_BUGREPORT ""
| #define PACKAGE_URL ""
| #define STDC_HEADERS 1
| #define HAVE_SYS_TYPES_H 1
| #define HAVE_SYS_STAT_H 1
| #define HAVE_STDLIB_H 1
| #define HAVE_STRING_H 1
| #define HAVE_MEMORY_H 1
| #define HAVE_STRINGS_H 1
| #define HAVE_INTTYPES_H 1
| #define HAVE_STDINT_H 1
| #define HAVE_UNISTD_H 1
| #define HAVE_UNISTD_H 1
| #define HAVE_STDINT_H 1
| #define HAVE_FCNTL_H 1
| #define HAVE_ELF_H 1
| #define HAVE_LINK_H 1
| #define __LIBELF_HEADER_ELF_H <elf.h>
| #define HAVE_AR_H 1
| #define SIZEOF_SHORT 2
| #define SIZEOF_INT 4
| #define SIZEOF_LONG 8
| #define SIZEOF_LONG_LONG 8
| #define SIZEOF___INT64 0
| /* end confdefs.h.  */
| #include __LIBELF_HEADER_ELF_H
| int
| main ()
| {
| Elf32_Word x = SHT_SUNW_verdef + SHT_SUNW_verneed + SHT_SUNW_versym
|   ;
|   return 0;
| }
configure:4518: result: no
configure:4521: checking for SHT_GNU_verdef
configure:4537: gcc -c -g -O2  conftest.c >&5
conftest.c: In function 'main':
conftest.c:35:31: warning: integer overflow in expression [-Woverflow]
 Elf32_Word x = SHT_GNU_verdef + SHT_GNU_verneed + SHT_GNU_versym
                               ^
configure:4537: $? = 0
configure:4544: result: yes
configure:4557: checking for 64-bit integer
configure:4573: result: long
configure:4588: checking for 32-bit integer
configure:4602: result: int
configure:4617: checking for 16-bit integer
configure:4631: result: short
configure:4652: checking for stdlib.h
configure:4652: result: yes
configure:4652: checking for unistd.h
configure:4652: result: yes
configure:4652: checking for sys/param.h
configure:4652: gcc -c -g -O2  conftest.c >&5
configure:4652: $? = 0
configure:4652: result: yes
configure:4672: checking for getpagesize
configure:4672: gcc -o conftest -g -O2   conftest.c  >&5
configure:4672: $? = 0
configure:4672: result: yes
configure:4681: checking for working mmap
configure:4828: gcc -o conftest -g -O2   conftest.c  >&5
configure:4828: $? = 0
configure:4828: ./conftest
configure:4828: $? = 0
configure:4838: result: yes
configure:4850: checking for ftruncate
configure:4850: gcc -o conftest -g -O2   conftest.c  >&5
configure:4850: $? = 0
configure:4850: result: yes
configure:4850: checking for memcmp
configure:4850: gcc -o conftest -g -O2   conftest.c  >&5
conftest.c:66:6: warning: conflicting types for built-in function 'memcmp' [-Wbuiltin-declaration-mismatch]
 char memcmp ();
      ^~~~~~
configure:4850: $? = 0
configure:4850: result: yes
configure:4850: checking for memcpy
configure:4850: gcc -o conftest -g -O2   conftest.c  >&5
conftest.c:67:6: warning: conflicting types for built-in function 'memcpy' [-Wbuiltin-declaration-mismatch]
 char memcpy ();
      ^~~~~~
configure:4850: $? = 0
configure:4850: result: yes
configure:4850: checking for memmove
configure:4850: gcc -o conftest -g -O2   conftest.c  >&5
conftest.c:68:6: warning: conflicting types for built-in function 'memmove' [-Wbuiltin-declaration-mismatch]
 char memmove ();
      ^~~~~~~
configure:4850: $? = 0
configure:4850: result: yes
configure:4859: checking for memset
configure:4859: gcc -o conftest -g -O2   conftest.c  >&5
conftest.c:69:6: warning: conflicting types for built-in function 'memset' [-Wbuiltin-declaration-mismatch]
 char memset ();
      ^~~~~~
configure:4859: $? = 0
configure:4859: result: yes
configure:4878: checking whether overlapping arrays are copied correctly
configure:4903: gcc -o conftest -g -O2   conftest.c  >&5
conftest.c:56:1: warning: return type defaults to 'int' [-Wimplicit-int]
 main() {
 ^~~~
conftest.c: In function 'main':
conftest.c:59:34: warning: implicit declaration of function 'exit' [-Wimplicit-function-declaration]
   if (strcmp(buf, "0012345678")) exit(1);
                                  ^~~~
conftest.c:59:34: warning: incompatible implicit declaration of built-in function 'exit'
conftest.c:59:34: note: include '<stdlib.h>' or provide a declaration of 'exit'
conftest.c:60:3: warning: incompatible implicit declaration of built-in function 'exit'
   exit(0);
   ^~~~
conftest.c:60:3: note: include '<stdlib.h>' or provide a declaration of 'exit'
configure:4903: $? = 0
configure:4903: ./conftest
configure:4903: $? = 0
configure:4913: result: yes
configure:4920: checking the coffee machine
configure:4927: result: empty - operator may not work as expected
configure:4930: checking whether 64-bit ELF support is sufficient
configure:4932: result: yes
configure:4934: checking whether to include 64-bit support
configure:4947: result: yes
configure:4954: checking whether versioning support is sufficient
configure:4969: result: yes
configure:4971: checking whether to include versioning support
configure:4984: result: yes
configure:5007: checking whether NLS is requested
configure:5016: result: yes
configure:5024: checking for dgettext
configure:5041: gcc -o conftest -g -O2   conftest.c  >&5
configure:5041: $? = 0
configure:5050: result: yes
configure:5055: checking for msgfmt
configure:5073: found /usr/bin/msgfmt
configure:5086: result: /usr/bin/msgfmt
configure:5097: checking for gmsgfmt
configure:5128: result: /usr/bin/msgfmt
configure:5138: checking for xgettext
configure:5156: found /usr/bin/xgettext
configure:5169: result: /usr/bin/xgettext
configure:5179: checking for msgmerge
configure:5197: found /usr/bin/msgmerge
configure:5210: result: /usr/bin/msgmerge
configure:5218: checking for GNU gettext
configure:5235: gcc -o conftest -g -O2   conftest.c  >&5
configure:5235: $? = 0
configure:5244: result: yes
configure:5247: checking for losing catgets-based GNU gettext
configure:5264: gcc -o conftest -g -O2   conftest.c  >&5
/tmp/cc4KpXsQ.o: In function `main':
/home/windy/project/dx-protector/libelf/conftest.c:58: undefined reference to `_msg_tbl_length'
collect2: error: ld returned 1 exit status
configure:5264: $? = 1
configure: failed program was:
| /* confdefs.h */
| #define PACKAGE_NAME ""
| #define PACKAGE_TARNAME ""
| #define PACKAGE_VERSION ""
| #define PACKAGE_STRING ""
| #define PACKAGE_BUGREPORT ""
| #define PACKAGE_URL ""
| #define STDC_HEADERS 1
| #define HAVE_SYS_TYPES_H 1
| #define HAVE_SYS_STAT_H 1
| #define HAVE_STDLIB_H 1
| #define HAVE_STRING_H 1
| #define HAVE_MEMORY_H 1
| #define HAVE_STRINGS_H 1
| #define HAVE_INTTYPES_H 1
| #define HAVE_STDINT_H 1
| #define HAVE_UNISTD_H 1
| #define HAVE_UNISTD_H 1
| #define HAVE_STDINT_H 1
| #define HAVE_FCNTL_H 1
| #define HAVE_ELF_H 1
| #define HAVE_LINK_H 1
| #define __LIBELF_HEADER_ELF_H <elf.h>
| #define HAVE_AR_H 1
| #define SIZEOF_SHORT 2
| #define SIZEOF_INT 4
| #define SIZEOF_LONG 8
| #define SIZEOF_LONG_LONG 8
| #define SIZEOF___INT64 0
| #define __libelf_i64_t long
| #define __libelf_u64_t unsigned long
| #define __libelf_i32_t int
| #define __libelf_u32_t unsigned int
| #define __libelf_i16_t short
| #define __libelf_u16_t unsigned short
| #define HAVE_STDLIB_H 1
| #define HAVE_UNISTD_H 1
| #define HAVE_SYS_PARAM_H 1
| #define HAVE_GETPAGESIZE 1
| #define HAVE_MMAP 1
| #define HAVE_FTRUNCATE 1
| #define HAVE_MEMCMP 1
| #define HAVE_MEMCPY 1
| #define HAVE_MEMMOVE 1
| #define HAVE_MEMSET 1
| #define HAVE_MEMSET 1
| #define __LIBELF64 1
| #define __LIBELF_GNU_SYMBOL_VERSIONS 1
| #define __LIBELF_SYMBOL_VERSIONS 1
| /* end confdefs.h.  */
| 
| int
| main ()
| {
| extern int _msg_tbl_length; return _msg_tbl_length
|   ;
|   return 0;
| }
configure:5273: result: no
configure:5281: checking for pure GNU gettext
configure:5298: gcc -o conftest -g -O2   conftest.c  >&5
conftest.c: In function 'main':
conftest.c:55:12: warning: conflicting types for built-in function 'gettext' [-Wbuiltin-declaration-mismatch]
 extern int gettext(); return gettext()
            ^~~~~~~
configure:5298: $? = 0
configure:5307: result: yes
configure:5506: checking for catalogs to be installed
configure:5517: result: de 
configure:5525: checking for gettext in -lintl
configure:5550: gcc -o conftest -g -O2   conftest.c -lintl   >&5
conftest.c:59:6: warning: conflicting types for built-in function 'gettext' [-Wbuiltin-declaration-mismatch]
 char gettext ();
      ^~~~~~~
/usr/bin/x86_64-linux-gnu-ld: cannot find -lintl
collect2: error: ld returned 1 exit status
configure:5550: $? = 1
configure: failed program was:
| /* confdefs.h */
| #define PACKAGE_NAME ""
| #define PACKAGE_TARNAME ""
| #define PACKAGE_VERSION ""
| #define PACKAGE_STRING ""
| #define PACKAGE_BUGREPORT ""
| #define PACKAGE_URL ""
| #define STDC_HEADERS 1
| #define HAVE_SYS_TYPES_H 1
| #define HAVE_SYS_STAT_H 1
| #define HAVE_STDLIB_H 1
| #define HAVE_STRING_H 1
| #define HAVE_MEMORY_H 1
| #define HAVE_STRINGS_H 1
| #define HAVE_INTTYPES_H 1
| #define HAVE_STDINT_H 1
| #define HAVE_UNISTD_H 1
| #define HAVE_UNISTD_H 1
| #define HAVE_STDINT_H 1
| #define HAVE_FCNTL_H 1
| #define HAVE_ELF_H 1
| #define HAVE_LINK_H 1
| #define __LIBELF_HEADER_ELF_H <elf.h>
| #define HAVE_AR_H 1
| #define SIZEOF_SHORT 2
| #define SIZEOF_INT 4
| #define SIZEOF_LONG 8
| #define SIZEOF_LONG_LONG 8
| #define SIZEOF___INT64 0
| #define __libelf_i64_t long
| #define __libelf_u64_t unsigned long
| #define __libelf_i32_t int
| #define __libelf_u32_t unsigned int
| #define __libelf_i16_t short
| #define __libelf_u16_t unsigned short
| #define HAVE_STDLIB_H 1
| #define HAVE_UNISTD_H 1
| #define HAVE_SYS_PARAM_H 1
| #define HAVE_GETPAGESIZE 1
| #define HAVE_MMAP 1
| #define HAVE_FTRUNCATE 1
| #define HAVE_MEMCMP 1
| #define HAVE_MEMCPY 1
| #define HAVE_MEMMOVE 1
| #define HAVE_MEMSET 1
| #define HAVE_MEMSET 1
| #define __LIBELF64 1
| #define __LIBELF_GNU_SYMBOL_VERSIONS 1
| #define __LIBELF_SYMBOL_VERSIONS 1
| #define HAVE_DGETTEXT 1
| /* end confdefs.h.  */
| 
| /* Override any GCC internal prototype to avoid an error.
|    Use char because int might match the return type of a GCC
|    builtin and then its argument prototype would still apply.  */
| #ifdef __cplusplus
| extern "C"
| #endif
| char gettext ();
| int
| main ()
| {
| return gettext ();
|   ;
|   return 0;
| }
configure:5559: result: no
configure:5571: checking build system type
configure:5585: result: x86_64-unknown-linux-gnu
configure:5605: checking host system type
configure:5618: result: x86_64-unknown-linux-gnu
configure:5647: checking whether to build a shared library
configure:5656: result: yes
configure:5659: checking whether GNU naming conventions are requested
configure:5668: result: no
configure:5674: checking for ld
configure:5692: found /usr/bin/ld
configure:5705: result: /usr/bin/ld
configure:5996: creating ./config.status

## ---------------------- ##
## Running config.status. ##
## ---------------------- ##

This file was extended by config.status, which was
generated by GNU Autoconf 2.67.  Invocation command line was

  CONFIG_FILES    = 
  CONFIG_HEADERS  = 
  CONFIG_LINKS    = 
  CONFIG_COMMANDS = 
  $ ./config.status 

on windy-pc

config.status:892: creating Makefile
config.status:892: creating lib/Makefile
config.status:892: creating po/Makefile
config.status:995: WARNING:  'po/Makefile.in' seems to ignore the --datarootdir setting
config.status:892: creating libelf.pc
config.status:892: creating config.h
config.status:892: creating lib/sys_elf.h
config.status:1080: executing default commands

## ---------------- ##
## Cache variables. ##
## ---------------- ##

ac_cv_build=x86_64-unknown-linux-gnu
ac_cv_c_compiler_gnu=yes
ac_cv_c_const=yes
ac_cv_env_CC_set=
ac_cv_env_CC_value=
ac_cv_env_CFLAGS_set=
ac_cv_env_CFLAGS_value=
ac_cv_env_CPPFLAGS_set=
ac_cv_env_CPPFLAGS_value=
ac_cv_env_CPP_set=
ac_cv_env_CPP_value=
ac_cv_env_LDFLAGS_set=
ac_cv_env_LDFLAGS_value=
ac_cv_env_LIBS_set=
ac_cv_env_LIBS_value=
ac_cv_env_build_alias_set=
ac_cv_env_build_alias_value=
ac_cv_env_host_alias_set=
ac_cv_env_host_alias_value=
ac_cv_env_target_alias_set=
ac_cv_env_target_alias_value=
ac_cv_func_ftruncate=yes
ac_cv_func_getpagesize=yes
ac_cv_func_memcmp=yes
ac_cv_func_memcpy=yes
ac_cv_func_memmove=yes
ac_cv_func_memset=yes
ac_cv_func_mmap_fixed_mapped=yes
ac_cv_header_ar_h=yes
ac_cv_header_elf_h=yes
ac_cv_header_fcntl_h=yes
ac_cv_header_gelf_h=no
ac_cv_header_inttypes_h=yes
ac_cv_header_libelf_h=no
ac_cv_header_link_h=yes
ac_cv_header_memory_h=yes
ac_cv_header_nlist_h=no
ac_cv_header_stdc=yes
ac_cv_header_stdint_h=yes
ac_cv_header_stdlib_h=yes
ac_cv_header_string_h=yes
ac_cv_header_strings_h=yes
ac_cv_header_sys_elf_h=no
ac_cv_header_sys_link_h=no
ac_cv_header_sys_param_h=yes
ac_cv_header_sys_stat_h=yes
ac_cv_header_sys_types_h=yes
ac_cv_header_unistd_h=yes
ac_cv_host=x86_64-unknown-linux-gnu
ac_cv_lib_intl_gettext=no
ac_cv_objext=o
ac_cv_path_EGREP='/bin/grep -E'
ac_cv_path_GMSGFMT=/usr/bin/msgfmt
ac_cv_path_GREP=/bin/grep
ac_cv_path_LD=/usr/bin/ld
ac_cv_path_MSGFMT=/usr/bin/msgfmt
ac_cv_path_MSGMERGE=/usr/bin/msgmerge
ac_cv_path_XGETTEXT=/usr/bin/xgettext
ac_cv_path_install='/usr/bin/install -c'
ac_cv_prog_CPP='gcc -E'
ac_cv_prog_ac_ct_CC=gcc
ac_cv_prog_ac_ct_RANLIB=ranlib
ac_cv_prog_cc_c89=
ac_cv_prog_cc_g=yes
ac_cv_prog_make_make_set=yes
ac_cv_sizeof___int64=0
ac_cv_sizeof_int=4
ac_cv_sizeof_long=8
ac_cv_sizeof_long_long=8
ac_cv_sizeof_short=2
ac_cv_type_off_t=yes
ac_cv_type_size_t=yes
libelf_cv_elf_h_works=yes
libelf_cv_gnu_verdef=yes
libelf_cv_int16=short
libelf_cv_int32=int
libelf_cv_int64=long
libelf_cv_struct_elf32_dyn=yes
libelf_cv_struct_elf64_ehdr=yes
libelf_cv_struct_elf64_rel=yes
libelf_cv_struct_nlist=no
libelf_cv_sun_verdef=no
libelf_cv_type_elf64_addr=yes
libelf_cv_verdef32=yes
libelf_cv_verdef64=yes
libelf_cv_working_memmove=yes
mr_cv_catgets_based_gettext=no
mr_cv_coffee_machine='empty - operator may not work as expected'
mr_cv_func_dgettext=yes
mr_cv_gnu_gettext=yes
mr_cv_pure_gnu_gettext=yes
mr_cv_target_elf=yes

## ----------------- ##
## Output variables. ##
## ----------------- ##

CATALOGS=' de.gmo'
CATOBJEXT='.gmo'
CC='gcc'
CFLAGS='-g -O2'
CPP='gcc -E'
CPPFLAGS=''
DEFS='-DHAVE_CONFIG_H'
DEPSHLIBS=''
DO_COMPAT='yes'
DO_SHLIB='yes'
ECHO_C=''
ECHO_N='-n'
ECHO_T=''
EGREP='/bin/grep -E'
EXEEXT=''
GENCAT=''
GMOFILES=' de.gmo'
GMSGFMT='/usr/bin/msgfmt'
GREP='/bin/grep'
INSTALL_DATA='${INSTALL} -m 644'
INSTALL_PROGRAM='${INSTALL}'
INSTALL_SCRIPT='${INSTALL}'
INSTALL_SHLIB='$(INSTALL_PROGRAM)'
INSTOBJEXT='.mo'
LD='/usr/bin/ld'
LDFLAGS=''
LIBINTL=''
LIBOBJS=''
LIBS=''
LINK_SHLIB='$(CC) -shared -Wl,-soname,$(SONAME)'
LN_S='ln -s'
LTLIBOBJS=''
MAINT='maintainer-only-'
MAJOR='0'
MSGFILES=' de.msg'
MSGFMT='/usr/bin/msgfmt'
MSGMERGE='/usr/bin/msgmerge'
OBJEXT='o'
PACKAGE='libelf'
PACKAGE_BUGREPORT=''
PACKAGE_NAME=''
PACKAGE_STRING=''
PACKAGE_TARNAME=''
PACKAGE_URL=''
PACKAGE_VERSION=''
PATH_SEPARATOR=':'
PICFLAGS='-fPIC -DPIC'
POFILES=' de.po'
POSUB='po'
RANLIB='ranlib'
SET_MAKE=''
SHELL='/bin/bash'
SHLIB_SFX='.so.$(VERSION)'
SHLINK_SFX='.so'
SONAME_SFX='.so.$(MAJOR)'
VERSION='0.8.12'
XGETTEXT='/usr/bin/xgettext'
ac_ct_CC='gcc'
bindir='${exec_prefix}/bin'
build='x86_64-unknown-linux-gnu'
build_alias=''
build_cpu='x86_64'
build_os='linux-gnu'
build_vendor='unknown'
datadir='${datarootdir}'
datarootdir='${prefix}/share'
docdir='${datarootdir}/doc/${PACKAGE}'
dvidir='${docdir}'
exec_prefix='${prefix}'
host='x86_64-unknown-linux-gnu'
host_alias=''
host_cpu='x86_64'
host_os='linux-gnu'
host_vendor='unknown'
htmldir='${docdir}'
includedir='${prefix}/include'
infodir='${datarootdir}/info'
libdir='${exec_prefix}/lib'
libexecdir='${exec_prefix}/libexec'
localedir='$(prefix)/share/locale'
localstatedir='${prefix}/var'
mandir='${datarootdir}/man'
oldincludedir='/usr/include'
pdfdir='${docdir}'
prefix='/usr/local'
program_transform_name='s,x,x,'
psdir='${docdir}'
sbindir='${exec_prefix}/sbin'
sharedstatedir='${prefix}/com'
sysconfdir='${prefix}/etc'
target_alias=''

## ----------- ##
## confdefs.h. ##
## ----------- ##

/* confdefs.h */
#define PACKAGE_NAME ""
#define PACKAGE_TARNAME ""
#define PACKAGE_VERSION ""
#define PACKAGE_STRING ""
#define PACKAGE_BUGREPORT ""
#define PACKAGE_URL ""
#define STDC_HEADERS 1
#define HAVE_SYS_TYPES_H 1
#define HAVE_SYS_STAT_H 1
#define HAVE_STDLIB_H 1
#define HAVE_STRING_H 1
#define HAVE_MEMORY_H 1
#define HAVE_STRINGS_H 1
#define HAVE_INTTYPES_H 1
#define HAVE_STDINT_H 1
#define HAVE_UNISTD_H 1
#define HAVE_UNISTD_H 1
#define HAVE_STDINT_H 1
#define HAVE_FCNTL_H 1
#define HAVE_ELF_H 1
#define HAVE_LINK_H 1
#define __LIBELF_HEADER_ELF_H <elf.h>
#define HAVE_AR_H 1
#define SIZEOF_SHORT 2
#define SIZEOF_INT 4
#define SIZEOF_LONG 8
#define SIZEOF_LONG_LONG 8
#define SIZEOF___INT64 0
#define __libelf_i64_t long
#define __libelf_u64_t unsigned long
#define __libelf_i32_t int
#define __libelf_u32_t unsigned int
#define __libelf_i16_t short
#define __libelf_u16_t unsigned short
#define HAVE_STDLIB_H 1
#define HAVE_UNISTD_H 1
#define HAVE_SYS_PARAM_H 1
#define HAVE_GETPAGESIZE 1
#define HAVE_MMAP 1
#define HAVE_FTRUNCATE 1
#define HAVE_MEMCMP 1
#define HAVE_MEMCPY 1
#define HAVE_MEMMOVE 1
#define HAVE_MEMSET 1
#define HAVE_MEMSET 1
#define __LIBELF64 1
#define __LIBELF_GNU_SYMBOL_VERSIONS 1
#define __LIBELF_SYMBOL_VERSIONS 1
#define HAVE_DGETTEXT 1
#define ENABLE_SANITY_CHECKS 1

configure: exit 0
